<?xml version="1.0" encoding="UTF-8"?>

<component name="studio.extensions.sf86" version="1.0.0">
	<require>org.nuxeo.runtime.started</require>
	<extension target="org.nuxeo.ecm.core.schema.TypeService" point="schema">
		<schema name="folder" prefix="folder" override="true" src="data/schemas/folder.xsd" />
		<schema name="applicant" prefix="applicant" override="true" src="data/schemas/applicant.xsd" />
		<schema name="applicantscontainer" prefix="applicantscontainer" override="true" src="data/schemas/applicantscontainer.xsd" />
		<schema name="application" prefix="application" override="true" src="data/schemas/application.xsd" />
		<schema name="case" prefix="case" override="true" src="data/schemas/case.xsd" />
		<schema name="casecontainer" prefix="casecontainer" override="true" src="data/schemas/casecontainer.xsd" />
		<schema name="domain_schema" prefix="domain_schema" override="true" src="data/schemas/domain_schema.xsd" />
		<schema name="importcontainer" prefix="importcontainer" override="true" src="data/schemas/importcontainer.xsd" />
		<schema name="interview" prefix="interview" override="true" src="data/schemas/interview.xsd" />
		<schema name="investigator_schema" prefix="investigator_schema" override="true" src="data/schemas/investigator_schema.xsd" />
		<schema name="investigators" prefix="investigators" override="true" src="data/schemas/investigators.xsd" />
		<schema name="pii" prefix="pii" override="true" src="data/schemas/pii.xsd" />
		<schema name="Address" prefix="address" override="true" src="data/schemas/Address.xsd" />
		<schema name="CaseAttachment" prefix="caat" override="true" src="data/schemas/CaseAttachment.xsd" />
		<schema name="Investigator" prefix="investigator" override="true" src="data/schemas/Investigator.xsd" />
		<schema name="PersonalInfo" prefix="pinfo" override="true" src="data/schemas/PersonalInfo.xsd" />
		<schema name="search-investigation_pp" prefix="search-investigation_pp" override="true"
			src="data/schemas/search-investigation_pp.xsd" />
	</extension>
	<extension target="org.nuxeo.ecm.core.schema.TypeService" point="doctype">
		<doctype name="Applicant" extends="Folder">
			<schema name="applicant" />
		</doctype>
		<doctype name="ApplicantsContainer" append="true">
			<subtypes>
				<type>Applicant</type>
			</subtypes>
		</doctype>
		<doctype name="ApplicantsContainer" extends="Folder">
			<schema name="applicantscontainer" />
			<subtypes>
				<type>Applicant</type>
			</subtypes>
		</doctype>
		<doctype name="Domain" append="true">
			<subtypes>
				<type>ApplicantsContainer</type>
			</subtypes>
		</doctype>
		<doctype name="Application" extends="File">
			<schema name="application" />
			<schema name="Address" />
			<schema name="PersonalInfo" />
		</doctype>
		<doctype name="Case" append="true">
			<subtypes>
				<type>Application</type>
			</subtypes>
		</doctype>
		<doctype name="Folder" append="true">
			<subtypes>
				<type>Application</type>
			</subtypes>
		</doctype>
		<doctype name="Case" extends="Folder">
			<schema name="case" />
			<subtypes>
				<type>Audio</type>
				<type>File</type>
				<type>Note</type>
				<type>Picture</type>
				<type>Video</type>
			</subtypes>
		</doctype>
		<doctype name="CaseContainer" append="true">
			<subtypes>
				<type>Case</type>
			</subtypes>
		</doctype>
		<doctype name="CaseContainer" extends="Folder">
			<schema name="casecontainer" />
			<subtypes>
				<type>Case</type>
			</subtypes>
		</doctype>
		<doctype name="Domain" append="true">
			<subtypes>
				<type>CaseContainer</type>
			</subtypes>
		</doctype>
		<doctype name="Domain" extends="Folder">
			<schema name="domain_schema" />
			<facet name="SuperSpace" />
			<subtypes>
				<type>ApplicantsContainer</type>
				<type>CaseContainer</type>
				<type>Folder</type>
				<type>ImportContainer</type>
				<type>Investigators</type>
			</subtypes>
		</doctype>
		<doctype name="Root" append="true">
			<subtypes>
				<type>Domain</type>
			</subtypes>
		</doctype>
		<doctype name="ImportContainer" extends="Folder">
			<schema name="importcontainer" />
			<subtypes>
				<type>Applicant</type>
				<type>Folder</type>
				<type>Interview</type>
				<type>File</type>
				<type>Picture</type>
			</subtypes>
		</doctype>
		<doctype name="Domain" append="true">
			<subtypes>
				<type>ImportContainer</type>
			</subtypes>
		</doctype>
		<doctype name="Interview" extends="Document">
			<schema name="interview" />
			<schema name="dublincore" />
			<schema name="common" />
			<schema name="uid" />
			<schema name="Address" />
		</doctype>
		<doctype name="Case" append="true">
			<subtypes>
				<type>Interview</type>
			</subtypes>
		</doctype>
		<doctype name="Investigator" extends="Document">
			<schema name="investigator_schema" />
			<schema name="dublincore" />
			<schema name="common" />
			<schema name="uid" />
			<schema name="Investigator" />
		</doctype>
		<doctype name="Investigators" append="true">
			<subtypes>
				<type>Investigator</type>
			</subtypes>
		</doctype>
		<doctype name="Investigators" extends="Folder">
			<schema name="investigators" />
			<subtypes>
				<type>Investigator</type>
			</subtypes>
		</doctype>
		<doctype name="Domain" append="true">
			<subtypes>
				<type>Investigators</type>
			</subtypes>
		</doctype>
		<doctype name="PII" extends="Document">
			<schema name="pii" />
			<schema name="dublincore" />
			<schema name="common" />
			<schema name="uid" />
			<schema name="Address" />
			<schema name="PersonalInfo" />
		</doctype>
		<doctype name="Applicant" append="true">
			<subtypes>
				<type>PII</type>
			</subtypes>
		</doctype>
		<doctype name="search-investigation_pp" extends="Document">
			<facet name="ContentViewDisplay" />
			<facet name="SavedSearch" />
			<facet name="HiddenInNavigation" />
			<schema name="search-investigation_pp" />
		</doctype>
		<facet name="CaseAttachment">
			<schema name="CaseAttachment" />
		</facet>
		<doctype name="File" append="true">
			<facet name="CaseAttachment" />
		</doctype>
	</extension>
	<require>org.nuxeo.ecm.core.CoreExtensions</require>
</component>
